\BOOKMARK [1][-]{section.1}{Introduction}{}% 1
\BOOKMARK [1][-]{section.2}{Theoretical background}{}% 2
\BOOKMARK [2][-]{subsection.2.1}{Basic quantum mechanics}{section.2}% 3
\BOOKMARK [3][-]{subsubsection.2.1.1}{Quantum states and Dirac notation}{subsection.2.1}% 4
\BOOKMARK [3][-]{subsubsection.2.1.2}{Time evolution and the Schr\366dinger equation}{subsection.2.1}% 5
\BOOKMARK [2][-]{subsection.2.2}{Quantum computation and quantum information theory}{section.2}% 6
\BOOKMARK [3][-]{subsubsection.2.2.1}{The qubit}{subsection.2.2}% 7
\BOOKMARK [3][-]{subsubsection.2.2.2}{From classical logic gates to quantum gates}{subsection.2.2}% 8
\BOOKMARK [3][-]{subsubsection.2.2.3}{Some important gates and universal computation}{subsection.2.2}% 9
\BOOKMARK [3][-]{subsubsection.2.2.4}{Qudit generalizations}{subsection.2.2}% 10
\BOOKMARK [3][-]{subsubsection.2.2.5}{Dark states, bright states and dark paths}{subsection.2.2}% 11
\BOOKMARK [3][-]{subsubsection.2.2.6}{Geometric quantum computation}{subsection.2.2}% 12
\BOOKMARK [1][-]{section.3}{Results}{}% 13
\BOOKMARK [2][-]{subsection.3.1}{The qutrit}{section.3}% 14
\BOOKMARK [3][-]{subsubsection.3.1.1}{Construction of the system}{subsection.3.1}% 15
\BOOKMARK [3][-]{subsubsection.3.1.2}{Implementation}{subsection.3.1}% 16
\BOOKMARK [3][-]{subsubsection.3.1.3}{Important gates, universality and parameter selection}{subsection.3.1}% 17
\BOOKMARK [2][-]{subsection.3.2}{Generalization}{section.3}% 18
\BOOKMARK [1][-]{section.4}{Conclusions and outlook}{}% 19
\BOOKMARK [1][-]{section*.2}{References}{}% 20
\BOOKMARK [1][-]{appendix.A}{Code}{}% 21
